[debug] ----------------------------------------------------------------------
[debug] Command:      /Users/malvarez/.nvm/versions/node/v7.6.0/bin/node /Users/malvarez/.nvm/versions/node/v7.6.0/bin/firebase serve
[debug] CLI Version:  3.9.0
[debug] Platform:     darwin
[debug] Node Version: v7.6.0
[debug] Time:         Thu May 18 2017 19:50:44 GMT+0200 (CEST)
[debug] ----------------------------------------------------------------------
[debug] 
[debug] > command requires scopes: ["email","openid","https://www.googleapis.com/auth/cloudplatformprojects.readonly","https://www.googleapis.com/auth/firebase","https://www.googleapis.com/auth/cloud-platform"]
[debug] >>> HTTP REQUEST GET https://admin.firebase.com/v1/projects/bbva-auth-login  
 Thu May 18 2017 19:50:44 GMT+0200 (CEST)
[debug] <<< HTTP RESPONSE 200
[debug] >>> HTTP REQUEST GET https://admin.firebase.com/v1/database/bbva-auth-login/tokens  
 Thu May 18 2017 19:50:45 GMT+0200 (CEST)
[debug] <<< HTTP RESPONSE 200
[info] 
[info] === Serving from '/Users/malvarez/Desktop/ll'...
[info] 
[debug] >>> HTTP REQUEST GET https://cloudresourcemanager.googleapis.com/v1/projects/bbva-auth-login  
 Thu May 18 2017 19:50:46 GMT+0200 (CEST)
[debug] <<< HTTP RESPONSE 200
[debug] >>> HTTP REQUEST GET https://mobilesdk-pa.googleapis.com/v1/projects/474000404743/clients/_:getWebAppConfig  
 Thu May 18 2017 19:50:47 GMT+0200 (CEST)
[debug] <<< HTTP RESPONSE 200
[info] i  hosting: Serving hosting files from: ./
[info] ✔  hosting: Local server: http://localhost:5000

